#
# There is insufficient memory for the Java Runtime Environment to continue.
# Native memory allocation (mmap) failed to map 21474836480 bytes for committing reserved memory.
# Possible reasons:
#   The system is out of physical RAM or swap space
#   In 32 bit mode, the process size limit was hit
# Possible solutions:
#   Reduce memory load on the system
#   Increase physical memory or swap space
#   Check if swap backing store is full
#   Use 64 bit Java on a 64 bit OS
#   Decrease Java heap size (-Xmx/-Xms)
#   Decrease number of Java threads
#   Decrease Java thread stack sizes (-Xss)
#   Set larger code cache with -XX:ReservedCodeCacheSize=
# This output file may be truncated or incomplete.
#
#  Out of Memory Error (os_linux.cpp:2673), pid=4226, tid=140673989433088
#
# JRE version:  (8.0_45-b14) (build )
# Java VM: OpenJDK 64-Bit Server VM (25.45-b02 mixed mode linux-amd64 )
# Core dump written. Default location: /home/pold/Documents/Radboud/otto-find-ich-gut/core or core.4226
#

---------------  T H R E A D  ---------------

Current thread (0x00007ff130008800):  JavaThread "Unknown thread" [_thread_in_vm, id=4227, stack(0x00007ff1371b5000,0x00007ff1372b6000)]

Stack: [0x00007ff1371b5000,0x00007ff1372b6000],  sp=0x00007ff1372b4660,  free space=1021k
Native frames: (J=compiled Java code, j=interpreted, Vv=VM code, C=native code)
V  [libjvm.so+0xa8fdcd]
V  [libjvm.so+0x4e85bc]
V  [libjvm.so+0x8df300]
V  [libjvm.so+0x8d9ace]
V  [libjvm.so+0x95408b]
V  [libjvm.so+0x9560ed]
V  [libjvm.so+0x2c8177]
V  [libjvm.so+0x9056fb]
V  [libjvm.so+0xa53de9]
V  [libjvm.so+0xa54102]
V  [libjvm.so+0x63230f]
V  [libjvm.so+0xa3734a]
V  [libjvm.so+0x6ab18e]  JNI_CreateJavaVM+0x5e
C  [libjli.so+0x2d5f]
C  [libpthread.so.0+0x7374]  start_thread+0xc4


---------------  P R O C E S S  ---------------

Java Threads: ( => current thread )

Other Threads:

=>0x00007ff130008800 (exited) JavaThread "Unknown thread" [_thread_in_vm, id=4227, stack(0x00007ff1371b5000,0x00007ff1372b6000)]

VM state:not at safepoint (not fully initialized)

VM Mutex/Monitor currently owned by a thread: None

GC Heap History (0 events):
No events

Deoptimization events (0 events):
No events

Internal exceptions (0 events):
No events

Events (0 events):
No events


Dynamic libraries:
00400000-00401000 r-xp 00000000 08:13 3039260                            /usr/lib/jvm/java-8-openjdk/jre/bin/java
00600000-00601000 rw-p 00000000 08:13 3039260                            /usr/lib/jvm/java-8-openjdk/jre/bin/java
01f89000-01faa000 rw-p 00000000 00:00 0                                  [heap]
7fe2197ff000-7fe220fff000 ---p 00000000 00:00 0 
7fe220fff000-7fe221000000 rw-p 00000000 00:00 0 
7fe221000000-7fec21000000 ---p 00000000 00:00 0 
7ff121000000-7ff121270000 rwxp 00000000 00:00 0 
7ff121270000-7ff130000000 ---p 00000000 00:00 0 
7ff130000000-7ff13002e000 rw-p 00000000 00:00 0 
7ff13002e000-7ff134000000 ---p 00000000 00:00 0 
7ff13441c000-7ff134426000 rw-p 00000000 00:00 0 
7ff134426000-7ff1347dc000 ---p 00000000 00:00 0 
7ff1347dc000-7ff1347e4000 r-xp 00000000 08:13 3188461                    /usr/lib/jvm/java-8-openjdk/jre/lib/amd64/libzip.so
7ff1347e4000-7ff1349e3000 ---p 00008000 08:13 3188461                    /usr/lib/jvm/java-8-openjdk/jre/lib/amd64/libzip.so
7ff1349e3000-7ff1349e4000 rw-p 00007000 08:13 3188461                    /usr/lib/jvm/java-8-openjdk/jre/lib/amd64/libzip.so
7ff1349e4000-7ff1349ef000 r-xp 00000000 08:13 2886677                    /usr/lib/libnss_files-2.21.so
7ff1349ef000-7ff134bef000 ---p 0000b000 08:13 2886677                    /usr/lib/libnss_files-2.21.so
7ff134bef000-7ff134bf0000 r--p 0000b000 08:13 2886677                    /usr/lib/libnss_files-2.21.so
7ff134bf0000-7ff134bf1000 rw-p 0000c000 08:13 2886677                    /usr/lib/libnss_files-2.21.so
7ff134bf1000-7ff134c1e000 r-xp 00000000 08:13 3188462                    /usr/lib/jvm/java-8-openjdk/jre/lib/amd64/libjava.so
7ff134c1e000-7ff134e1e000 ---p 0002d000 08:13 3188462                    /usr/lib/jvm/java-8-openjdk/jre/lib/amd64/libjava.so
7ff134e1e000-7ff134e20000 rw-p 0002d000 08:13 3188462                    /usr/lib/jvm/java-8-openjdk/jre/lib/amd64/libjava.so
7ff134e20000-7ff134e2d000 r-xp 00000000 08:13 3188453                    /usr/lib/jvm/java-8-openjdk/jre/lib/amd64/libverify.so
7ff134e2d000-7ff13502c000 ---p 0000d000 08:13 3188453                    /usr/lib/jvm/java-8-openjdk/jre/lib/amd64/libverify.so
7ff13502c000-7ff13502e000 rw-p 0000c000 08:13 3188453                    /usr/lib/jvm/java-8-openjdk/jre/lib/amd64/libverify.so
7ff13502e000-7ff135035000 r-xp 00000000 08:13 2886788                    /usr/lib/librt-2.21.so
7ff135035000-7ff135234000 ---p 00007000 08:13 2886788                    /usr/lib/librt-2.21.so
7ff135234000-7ff135235000 r--p 00006000 08:13 2886788                    /usr/lib/librt-2.21.so
7ff135235000-7ff135236000 rw-p 00007000 08:13 2886788                    /usr/lib/librt-2.21.so
7ff135236000-7ff135339000 r-xp 00000000 08:13 2886866                    /usr/lib/libm-2.21.so
7ff135339000-7ff135539000 ---p 00103000 08:13 2886866                    /usr/lib/libm-2.21.so
7ff135539000-7ff13553a000 r--p 00103000 08:13 2886866                    /usr/lib/libm-2.21.so
7ff13553a000-7ff13553b000 rw-p 00104000 08:13 2886866                    /usr/lib/libm-2.21.so
7ff13553b000-7ff1361dc000 r-xp 00000000 08:13 3278451                    /usr/lib/jvm/java-8-openjdk/jre/lib/amd64/server/libjvm.so
7ff1361dc000-7ff1363db000 ---p 00ca1000 08:13 3278451                    /usr/lib/jvm/java-8-openjdk/jre/lib/amd64/server/libjvm.so
7ff1363db000-7ff1364a7000 rw-p 00ca0000 08:13 3278451                    /usr/lib/jvm/java-8-openjdk/jre/lib/amd64/server/libjvm.so
7ff1364a7000-7ff1364e9000 rw-p 00000000 00:00 0 
7ff1364e9000-7ff136682000 r-xp 00000000 08:13 2886724                    /usr/lib/libc-2.21.so
7ff136682000-7ff136882000 ---p 00199000 08:13 2886724                    /usr/lib/libc-2.21.so
7ff136882000-7ff136886000 r--p 00199000 08:13 2886724                    /usr/lib/libc-2.21.so
7ff136886000-7ff136888000 rw-p 0019d000 08:13 2886724                    /usr/lib/libc-2.21.so
7ff136888000-7ff13688c000 rw-p 00000000 00:00 0 
7ff13688c000-7ff13688e000 r-xp 00000000 08:13 2886824                    /usr/lib/libdl-2.21.so
7ff13688e000-7ff136a8e000 ---p 00002000 08:13 2886824                    /usr/lib/libdl-2.21.so
7ff136a8e000-7ff136a8f000 r--p 00002000 08:13 2886824                    /usr/lib/libdl-2.21.so
7ff136a8f000-7ff136a90000 rw-p 00003000 08:13 2886824                    /usr/lib/libdl-2.21.so
7ff136a90000-7ff136a9d000 r-xp 00000000 08:13 3542307                    /usr/lib/jvm/java-8-openjdk/jre/lib/amd64/jli/libjli.so
7ff136a9d000-7ff136c9d000 ---p 0000d000 08:13 3542307                    /usr/lib/jvm/java-8-openjdk/jre/lib/amd64/jli/libjli.so
7ff136c9d000-7ff136c9e000 rw-p 0000d000 08:13 3542307                    /usr/lib/jvm/java-8-openjdk/jre/lib/amd64/jli/libjli.so
7ff136c9e000-7ff136cb3000 r-xp 00000000 08:13 2889850                    /usr/lib/libz.so.1.2.8
7ff136cb3000-7ff136eb2000 ---p 00015000 08:13 2889850                    /usr/lib/libz.so.1.2.8
7ff136eb2000-7ff136eb3000 r--p 00014000 08:13 2889850                    /usr/lib/libz.so.1.2.8
7ff136eb3000-7ff136eb4000 rw-p 00015000 08:13 2889850                    /usr/lib/libz.so.1.2.8
7ff136eb4000-7ff136ecc000 r-xp 00000000 08:13 2886786                    /usr/lib/libpthread-2.21.so
7ff136ecc000-7ff1370cb000 ---p 00018000 08:13 2886786                    /usr/lib/libpthread-2.21.so
7ff1370cb000-7ff1370cc000 r--p 00017000 08:13 2886786                    /usr/lib/libpthread-2.21.so
7ff1370cc000-7ff1370cd000 rw-p 00018000 08:13 2886786                    /usr/lib/libpthread-2.21.so
7ff1370cd000-7ff1370d1000 rw-p 00000000 00:00 0 
7ff1370d1000-7ff1370f3000 r-xp 00000000 08:13 2886858                    /usr/lib/ld-2.21.so
7ff1371b5000-7ff1371b8000 ---p 00000000 00:00 0 
7ff1371b8000-7ff1372ba000 rw-p 00000000 00:00 0 
7ff1372e4000-7ff1372e7000 rw-p 00000000 00:00 0 
7ff1372e7000-7ff1372ef000 rw-s 00000000 00:20 4845091                    /tmp/hsperfdata_pold/4226
7ff1372ef000-7ff1372f0000 rw-p 00000000 00:00 0 
7ff1372f0000-7ff1372f1000 r--p 00000000 00:00 0 
7ff1372f1000-7ff1372f2000 rw-p 00000000 00:00 0 
7ff1372f2000-7ff1372f3000 r--p 00021000 08:13 2886858                    /usr/lib/ld-2.21.so
7ff1372f3000-7ff1372f4000 rw-p 00022000 08:13 2886858                    /usr/lib/ld-2.21.so
7ff1372f4000-7ff1372f5000 rw-p 00000000 00:00 0 
7fffdc17a000-7fffdc19b000 rw-p 00000000 00:00 0                          [stack]
7fffdc19b000-7fffdc19d000 r--p 00000000 00:00 0                          [vvar]
7fffdc19d000-7fffdc19f000 r-xp 00000000 00:00 0                          [vdso]
ffffffffff600000-ffffffffff601000 r-xp 00000000 00:00 0                  [vsyscall]

VM Arguments:
jvm_args: -Xms60g -Xmx60g -ea 
java_command: /usr/lib/R/library/h2o/java/h2o.jar -name H2O_started_from_R -ip 127.0.0.1 -port 54321 -ice_root /tmp/RtmpM9djbj -nthreads 2 -data_max_factor_levels 1e+06 -chunk_bytes 22
java_class_path (initial): /usr/lib/R/library/h2o/java/h2o.jar
Launcher Type: SUN_STANDARD

Environment Variables:
PATH=/usr/lib/hardening-wrapper/bin:/usr/local/sbin:/usr/local/bin:/usr/bin:/opt/android-sdk/platform-tools:/opt/android-sdk/tools:/opt/cuda/bin:/usr/lib/jvm/default/bin:/usr/bin/site_perl:/usr/bin/vendor_perl:/usr/bin/core_perl:/home/pold/bin:/usr/local/MATLAB/R2014a/bin:/home/pold/.cabal/bin:/opt/anaconda/bin:/home/pold/.config/sublime-text-2/Packages/myPDDL/:/home/pold/bin:/usr/local/MATLAB/R2014a/bin:/home/pold/.cabal/bin:/opt/anaconda/bin:/home/pold/.config/sublime-text-2/Packages/myPDDL/
LD_LIBRARY_PATH=/usr/lib64/R/lib:/usr/lib/jvm/java-7-openjdk/jre/lib/amd64/server
SHELL=/usr/bin/zsh
DISPLAY=:0

Signal Handlers:
SIGSEGV: [libjvm.so+0xa90890], sa_mask[0]=11111111011111111101111111111110, sa_flags=SA_RESTART|SA_SIGINFO
SIGBUS: [libjvm.so+0xa90890], sa_mask[0]=11111111011111111101111111111110, sa_flags=SA_RESTART|SA_SIGINFO
SIGFPE: [libjvm.so+0x8dac20], sa_mask[0]=11111111011111111101111111111110, sa_flags=SA_RESTART|SA_SIGINFO
SIGPIPE: [libjvm.so+0x8dac20], sa_mask[0]=11111111011111111101111111111110, sa_flags=SA_RESTART|SA_SIGINFO
SIGXFSZ: [libjvm.so+0x8dac20], sa_mask[0]=11111111011111111101111111111110, sa_flags=SA_RESTART|SA_SIGINFO
SIGILL: [libjvm.so+0x8dac20], sa_mask[0]=11111111011111111101111111111110, sa_flags=SA_RESTART|SA_SIGINFO
SIGUSR1: SIG_DFL, sa_mask[0]=00000000000000000000000000000000, sa_flags=none
SIGUSR2: [libjvm.so+0x8daad0], sa_mask[0]=00000000000000000000000000000000, sa_flags=SA_RESTART|SA_SIGINFO
SIGHUP: SIG_DFL, sa_mask[0]=00000000000000000000000000000000, sa_flags=none
SIGINT: SIG_IGN, sa_mask[0]=00000000000000000000000000000000, sa_flags=none
SIGTERM: SIG_DFL, sa_mask[0]=00000000000000000000000000000000, sa_flags=none
SIGQUIT: SIG_IGN, sa_mask[0]=00000000000000000000000000000000, sa_flags=none


---------------  S Y S T E M  ---------------

OS:LSB_VERSION=1.4
DISTRIB_ID=Arch
DISTRIB_RELEASE=rolling
DISTRIB_DESCRIPTION="Arch Linux"

uname:Linux 4.0.1-1-ARCH #1 SMP PREEMPT Wed Apr 29 12:00:26 CEST 2015 x86_64
libc:glibc 2.21 NPTL 2.21 
rlimit: STACK 8515k, CORE infinity, NPROC 31620, NOFILE 4096, AS infinity
load average:4.17 4.21 3.90

/proc/meminfo:
MemTotal:        8100084 kB
MemFree:         2966900 kB
MemAvailable:    5102276 kB
Buffers:          378924 kB
Cached:          1887320 kB
SwapCached:            0 kB
Active:          3801788 kB
Inactive:         875312 kB
Active(anon):    2416296 kB
Inactive(anon):   105320 kB
Active(file):    1385492 kB
Inactive(file):   769992 kB
Unevictable:           0 kB
Mlocked:               0 kB
SwapTotal:             0 kB
SwapFree:              0 kB
Dirty:                 0 kB
Writeback:             0 kB
AnonPages:       2411268 kB
Mapped:           440512 kB
Shmem:            110292 kB
Slab:             267240 kB
SReclaimable:     233308 kB
SUnreclaim:        33932 kB
KernelStack:        9136 kB
PageTables:        45848 kB
NFS_Unstable:          0 kB
Bounce:                0 kB
WritebackTmp:          0 kB
CommitLimit:     4050040 kB
Committed_AS:    7555344 kB
VmallocTotal:   34359738367 kB
VmallocUsed:      146164 kB
VmallocChunk:   34359588860 kB
HardwareCorrupted:     0 kB
AnonHugePages:    399360 kB
HugePages_Total:       0
HugePages_Free:        0
HugePages_Rsvd:        0
HugePages_Surp:        0
Hugepagesize:       2048 kB
DirectMap4k:      308444 kB
DirectMap2M:     7999488 kB
DirectMap1G:     1048576 kB


CPU:total 4 (4 cores per cpu, 1 threads per core) family 6 model 60 stepping 3, cmov, cx8, fxsr, mmx, sse, sse2, sse3, ssse3, sse4.1, sse4.2, popcnt, avx, avx2, aes, clmul, erms, rtm, lzcnt, tsc, tscinvbit, bmi1, bmi2

/proc/cpuinfo:
processor	: 0
vendor_id	: GenuineIntel
cpu family	: 6
model		: 60
model name	: Intel(R) Core(TM) i5-4570 CPU @ 3.20GHz
stepping	: 3
microcode	: 0x16
cpu MHz		: 3379.250
cache size	: 6144 KB
physical id	: 0
siblings	: 4
core id		: 0
cpu cores	: 4
apicid		: 0
initial apicid	: 0
fpu		: yes
fpu_exception	: yes
cpuid level	: 13
wp		: yes
flags		: fpu vme de pse tsc msr pae mce cx8 apic sep mtrr pge mca cmov pat pse36 clflush dts acpi mmx fxsr sse sse2 ss ht tm pbe syscall nx pdpe1gb rdtscp lm constant_tsc arch_perfmon pebs bts rep_good nopl xtopology nonstop_tsc aperfmperf eagerfpu pni pclmulqdq dtes64 monitor ds_cpl vmx smx est tm2 ssse3 fma cx16 xtpr pdcm pcid sse4_1 sse4_2 x2apic movbe popcnt tsc_deadline_timer aes xsave avx f16c rdrand lahf_lm abm ida arat epb pln pts dtherm tpr_shadow vnmi flexpriority ept vpid fsgsbase tsc_adjust bmi1 hle avx2 smep bmi2 erms invpcid rtm xsaveopt
bugs		:
bogomips	: 6388.56
clflush size	: 64
cache_alignment	: 64
address sizes	: 39 bits physical, 48 bits virtual
power management:

processor	: 1
vendor_id	: GenuineIntel
cpu family	: 6
model		: 60
model name	: Intel(R) Core(TM) i5-4570 CPU @ 3.20GHz
stepping	: 3
microcode	: 0x16
cpu MHz		: 3379.250
cache size	: 6144 KB
physical id	: 0
siblings	: 4
core id		: 1
cpu cores	: 4
apicid		: 2
initial apicid	: 2
fpu		: yes
fpu_exception	: yes
cpuid level	: 13
wp		: yes
flags		: fpu vme de pse tsc msr pae mce cx8 apic sep mtrr pge mca cmov pat pse36 clflush dts acpi mmx fxsr sse sse2 ss ht tm pbe syscall nx pdpe1gb rdtscp lm constant_tsc arch_perfmon pebs bts rep_good nopl xtopology nonstop_tsc aperfmperf eagerfpu pni pclmulqdq dtes64 monitor ds_cpl vmx smx est tm2 ssse3 fma cx16 xtpr pdcm pcid sse4_1 sse4_2 x2apic movbe popcnt tsc_deadline_timer aes xsave avx f16c rdrand lahf_lm abm ida arat epb pln pts dtherm tpr_shadow vnmi flexpriority ept vpid fsgsbase tsc_adjust bmi1 hle avx2 smep bmi2 erms invpcid rtm xsaveopt
bugs		:
bogomips	: 6388.56
clflush size	: 64
cache_alignment	: 64
address sizes	: 39 bits physical, 48 bits virtual
power management:

processor	: 2
vendor_id	: GenuineIntel
cpu family	: 6
model		: 60
model name	: Intel(R) Core(TM) i5-4570 CPU @ 3.20GHz
stepping	: 3
microcode	: 0x16
cpu MHz		: 3400.000
cache size	: 6144 KB
physical id	: 0
siblings	: 4
core id		: 2
cpu cores	: 4
apicid		: 4
initial apicid	: 4
fpu		: yes
fpu_exception	: yes
cpuid level	: 13
wp		: yes
flags		: fpu vme de pse tsc msr pae mce cx8 apic sep mtrr pge mca cmov pat pse36 clflush dts acpi mmx fxsr sse sse2 ss ht tm pbe syscall nx pdpe1gb rdtscp lm constant_tsc arch_perfmon pebs bts rep_good nopl xtopology nonstop_tsc aperfmperf eagerfpu pni pclmulqdq dtes64 monitor ds_cpl vmx smx est tm2 ssse3 fma cx16 xtpr pdcm pcid sse4_1 sse4_2 x2apic movbe popcnt tsc_deadline_timer aes xsave avx f16c rdrand lahf_lm abm ida arat epb pln pts dtherm tpr_shadow vnmi flexpriority ept vpid fsgsbase tsc_adjust bmi1 hle avx2 smep bmi2 erms invpcid rtm xsaveopt
bugs		:
bogomips	: 6388.56
clflush size	: 64
cache_alignment	: 64
address sizes	: 39 bits physical, 48 bits virtual
power management:

processor	: 3
vendor_id	: GenuineIntel
cpu family	: 6
model		: 60
model name	: Intel(R) Core(TM) i5-4570 CPU @ 3.20GHz
stepping	: 3
microcode	: 0x16
cpu MHz		: 3379.250
cache size	: 6144 KB
physical id	: 0
siblings	: 4
core id		: 3
cpu cores	: 4
apicid		: 6
initial apicid	: 6
fpu		: yes
fpu_exception	: yes
cpuid level	: 13
wp		: yes
flags		: fpu vme de pse tsc msr pae mce cx8 apic sep mtrr pge mca cmov pat pse36 clflush dts acpi mmx fxsr sse sse2 ss ht tm pbe syscall nx pdpe1gb rdtscp lm constant_tsc arch_perfmon pebs bts rep_good nopl xtopology nonstop_tsc aperfmperf eagerfpu pni pclmulqdq dtes64 monitor ds_cpl vmx smx est tm2 ssse3 fma cx16 xtpr pdcm pcid sse4_1 sse4_2 x2apic movbe popcnt tsc_deadline_timer aes xsave avx f16c rdrand lahf_lm abm ida arat epb pln pts dtherm tpr_shadow vnmi flexpriority ept vpid fsgsbase tsc_adjust bmi1 hle avx2 smep bmi2 erms invpcid rtm xsaveopt
bugs		:
bogomips	: 6388.56
clflush size	: 64
cache_alignment	: 64
address sizes	: 39 bits physical, 48 bits virtual
power management:



Memory: 4k page, physical 8100084k(2966900k free), swap 0k(0k free)

vm_info: OpenJDK 64-Bit Server VM (25.45-b02) for linux-amd64 JRE (1.8.0_45-b14), built on Apr 20 2015 17:04:34 by "builduser" with gcc 4.9.2 20150304 (prerelease)

time: Tue May 12 21:13:19 2015
elapsed time: 0 seconds (0d 0h 0m 0s)

